[2015-08-06 14:48:31] local.ERROR: exception 'InvalidArgumentException' with message 'Command "make:rollback" is not defined.

Did you mean one of these?
    migrate:rollback
    make:migration
    make:controller
    make:middleware
    make:request
    make:provider
    make:console
    make:event
    make:model
    make:command' in C:\wamp\www\Eventica5.0\vendor\symfony\console\Symfony\Component\Console\Application.php:549
Stack trace:
#0 C:\wamp\www\Eventica5.0\vendor\symfony\console\Symfony\Component\Console\Application.php(192): Symfony\Component\Console\Application->find('make:rollback')
#1 C:\wamp\www\Eventica5.0\vendor\symfony\console\Symfony\Component\Console\Application.php(126): Symfony\Component\Console\Application->doRun(Object(Symfony\Component\Console\Input\ArgvInput), Object(Symfony\Component\Console\Output\ConsoleOutput))
#2 C:\wamp\www\Eventica5.0\vendor\laravel\framework\src\Illuminate\Foundation\Console\Kernel.php(94): Symfony\Component\Console\Application->run(Object(Symfony\Component\Console\Input\ArgvInput), Object(Symfony\Component\Console\Output\ConsoleOutput))
#3 C:\wamp\www\Eventica5.0\artisan(36): Illuminate\Foundation\Console\Kernel->handle(Object(Symfony\Component\Console\Input\ArgvInput), Object(Symfony\Component\Console\Output\ConsoleOutput))
#4 {main}  
[2015-08-06 14:48:41] local.ERROR: exception 'Symfony\Component\Debug\Exception\FatalErrorException' with message 'Call to undefined method Illuminate\Database\Schema\MySqlBuilder::dropColumn()' in C:\wamp\www\Eventica5.0\vendor\laravel\framework\src\Illuminate\Support\Facades\Facade.php:210
Stack trace:
#0 C:\wamp\www\Eventica5.0\vendor\laravel\framework\src\Illuminate\Foundation\Bootstrap\HandleExceptions.php(131): Symfony\Component\Debug\Exception\FatalErrorException->__construct()
#1 C:\wamp\www\Eventica5.0\vendor\laravel\framework\src\Illuminate\Foundation\Bootstrap\HandleExceptions.php(116): Illuminate\Foundation\Bootstrap\HandleExceptions->fatalExceptionFromError()
#2 C:\wamp\www\Eventica5.0\vendor\laravel\framework\src\Illuminate\Foundation\Bootstrap\HandleExceptions.php(0): Illuminate\Foundation\Bootstrap\HandleExceptions->handleShutdown()
#3 C:\wamp\www\Eventica5.0\database\migrations\2015_08_06_144605_create_insertMiddleInitial_table.php(28): Illuminate\Support\Facades\Facade::__callStatic()
#4 C:\wamp\www\Eventica5.0\database\migrations\2015_08_06_144605_create_insertMiddleInitial_table.php(28): Illuminate\Support\Facades\Schema::dropColumn()
#5 C:\wamp\www\Eventica5.0\vendor\laravel\framework\src\Illuminate\Database\Migrations\Migrator.php(226): CreateInsertMiddleInitialTable->down()
#6 C:\wamp\www\Eventica5.0\vendor\laravel\framework\src\Illuminate\Database\Migrations\Migrator.php(172): Illuminate\Database\Migrations\Migrator->runDown()
#7 C:\wamp\www\Eventica5.0\vendor\laravel\framework\src\Illuminate\Database\Console\Migrations\RollbackCommand.php(59): Illuminate\Database\Migrations\Migrator->rollback()
#8 C:\wamp\www\Eventica5.0\vendor\laravel\framework\src\Illuminate\Container\Container.php(526): Illuminate\Database\Console\Migrations\RollbackCommand->fire()
#9 C:\wamp\www\Eventica5.0\vendor\laravel\framework\src\Illuminate\Container\Container.php(526): call_user_func_array:{C:\wamp\www\Eventica5.0\vendor\laravel\framework\src\Illuminate\Container\Container.php:526}()
#10 C:\wamp\www\Eventica5.0\vendor\laravel\framework\src\Illuminate\Console\Command.php(115): Illuminate\Container\Container->call()
#11 C:\wamp\www\Eventica5.0\vendor\symfony\console\Symfony\Component\Console\Command\Command.php(257): Illuminate\Console\Command->execute()
#12 C:\wamp\www\Eventica5.0\vendor\laravel\framework\src\Illuminate\Console\Command.php(101): Symfony\Component\Console\Command\Command->run()
#13 C:\wamp\www\Eventica5.0\vendor\symfony\console\Symfony\Component\Console\Application.php(874): Illuminate\Console\Command->run()
#14 C:\wamp\www\Eventica5.0\vendor\symfony\console\Symfony\Component\Console\Application.php(195): Symfony\Component\Console\Application->doRunCommand()
#15 C:\wamp\www\Eventica5.0\vendor\symfony\console\Symfony\Component\Console\Application.php(126): Symfony\Component\Console\Application->doRun()
#16 C:\wamp\www\Eventica5.0\vendor\laravel\framework\src\Illuminate\Foundation\Console\Kernel.php(94): Symfony\Component\Console\Application->run()
#17 C:\wamp\www\Eventica5.0\artisan(36): Illuminate\Foundation\Console\Kernel->handle()
#18 C:\wamp\www\Eventica5.0\artisan(0): {main}()
#19 {main}  
[2015-08-06 16:35:55] local.ERROR: exception 'Illuminate\Session\TokenMismatchException' in C:\wamp\www\Eventica5.0\vendor\laravel\framework\src\Illuminate\Foundation\Http\Middleware\VerifyCsrfToken.php:46
Stack trace:
#0 C:\wamp\www\Eventica5.0\app\Http\Middleware\VerifyCsrfToken.php(17): Illuminate\Foundation\Http\Middleware\VerifyCsrfToken->handle(Object(Illuminate\Http\Request), Object(Closure))
#1 C:\wamp\www\Eventica5.0\vendor\laravel\framework\src\Illuminate\Pipeline\Pipeline.php(125): App\Http\Middleware\VerifyCsrfToken->handle(Object(Illuminate\Http\Request), Object(Closure))
#2 C:\wamp\www\Eventica5.0\vendor\laravel\framework\src\Illuminate\View\Middleware\ShareErrorsFromSession.php(55): Illuminate\Pipeline\Pipeline->Illuminate\Pipeline\{closure}(Object(Illuminate\Http\Request))
#3 C:\wamp\www\Eventica5.0\vendor\laravel\framework\src\Illuminate\Pipeline\Pipeline.php(125): Illuminate\View\Middleware\ShareErrorsFromSession->handle(Object(Illuminate\Http\Request), Object(Closure))
#4 C:\wamp\www\Eventica5.0\vendor\laravel\framework\src\Illuminate\Session\Middleware\StartSession.php(61): Illuminate\Pipeline\Pipeline->Illuminate\Pipeline\{closure}(Object(Illuminate\Http\Request))
#5 C:\wamp\www\Eventica5.0\vendor\laravel\framework\src\Illuminate\Pipeline\Pipeline.php(125): Illuminate\Session\Middleware\StartSession->handle(Object(Illuminate\Http\Request), Object(Closure))
#6 C:\wamp\www\Eventica5.0\vendor\laravel\framework\src\Illuminate\Cookie\Middleware\AddQueuedCookiesToResponse.php(36): Illuminate\Pipeline\Pipeline->Illuminate\Pipeline\{closure}(Object(Illuminate\Http\Request))
#7 C:\wamp\www\Eventica5.0\vendor\laravel\framework\src\Illuminate\Pipeline\Pipeline.php(125): Illuminate\Cookie\Middleware\AddQueuedCookiesToResponse->handle(Object(Illuminate\Http\Request), Object(Closure))
#8 C:\wamp\www\Eventica5.0\vendor\laravel\framework\src\Illuminate\Cookie\Middleware\EncryptCookies.php(40): Illuminate\Pipeline\Pipeline->Illuminate\Pipeline\{closure}(Object(Illuminate\Http\Request))
#9 C:\wamp\www\Eventica5.0\vendor\laravel\framework\src\Illuminate\Pipeline\Pipeline.php(125): Illuminate\Cookie\Middleware\EncryptCookies->handle(Object(Illuminate\Http\Request), Object(Closure))
#10 C:\wamp\www\Eventica5.0\vendor\laravel\framework\src\Illuminate\Foundation\Http\Middleware\CheckForMaintenanceMode.php(42): Illuminate\Pipeline\Pipeline->Illuminate\Pipeline\{closure}(Object(Illuminate\Http\Request))
#11 C:\wamp\www\Eventica5.0\vendor\laravel\framework\src\Illuminate\Pipeline\Pipeline.php(125): Illuminate\Foundation\Http\Middleware\CheckForMaintenanceMode->handle(Object(Illuminate\Http\Request), Object(Closure))
#12 [internal function]: Illuminate\Pipeline\Pipeline->Illuminate\Pipeline\{closure}(Object(Illuminate\Http\Request))
#13 C:\wamp\www\Eventica5.0\vendor\laravel\framework\src\Illuminate\Pipeline\Pipeline.php(101): call_user_func(Object(Closure), Object(Illuminate\Http\Request))
#14 C:\wamp\www\Eventica5.0\vendor\laravel\framework\src\Illuminate\Foundation\Http\Kernel.php(115): Illuminate\Pipeline\Pipeline->then(Object(Closure))
#15 C:\wamp\www\Eventica5.0\vendor\laravel\framework\src\Illuminate\Foundation\Http\Kernel.php(84): Illuminate\Foundation\Http\Kernel->sendRequestThroughRouter(Object(Illuminate\Http\Request))
#16 C:\wamp\www\Eventica5.0\public\index.php(53): Illuminate\Foundation\Http\Kernel->handle(Object(Illuminate\Http\Request))
#17 {main}  
