[2015-07-23 15:33:04] local.ERROR: exception 'ErrorException' with message 'file_put_contents(C:\wamp\www\Eventica5.0\storage/framework/sessions/1f973af011e286c8503647e1dbb7e2ace0df18aa): failed to open stream: No such file or directory' in C:\wamp\www\Eventica5.0\vendor\laravel\framework\src\Illuminate\Filesystem\Filesystem.php:75
Stack trace:
#0 [internal function]: Illuminate\Foundation\Bootstrap\HandleExceptions->handleError(2, 'file_put_conten...', 'C:\\wamp\\www\\Eve...', 75, Array)
#1 C:\wamp\www\Eventica5.0\vendor\laravel\framework\src\Illuminate\Filesystem\Filesystem.php(75): file_put_contents('C:\\wamp\\www\\Eve...', 'a:5:{s:6:"_toke...', 2)
#2 C:\wamp\www\Eventica5.0\vendor\laravel\framework\src\Illuminate\Session\FileSessionHandler.php(70): Illuminate\Filesystem\Filesystem->put('C:\\wamp\\www\\Eve...', 'a:5:{s:6:"_toke...', true)
#3 C:\wamp\www\Eventica5.0\vendor\laravel\framework\src\Illuminate\Session\Store.php(255): Illuminate\Session\FileSessionHandler->write('1f973af011e286c...', 'a:5:{s:6:"_toke...')
#4 C:\wamp\www\Eventica5.0\vendor\laravel\framework\src\Illuminate\Session\Middleware\StartSession.php(89): Illuminate\Session\Store->save()
#5 C:\wamp\www\Eventica5.0\vendor\laravel\framework\src\Illuminate\Foundation\Http\Kernel.php(135): Illuminate\Session\Middleware\StartSession->terminate(Object(Illuminate\Http\Request), Object(Illuminate\Http\RedirectResponse))
#6 C:\wamp\www\Eventica5.0\public\index.php(57): Illuminate\Foundation\Http\Kernel->terminate(Object(Illuminate\Http\Request), Object(Illuminate\Http\RedirectResponse))
#7 {main}  
[2015-07-23 15:33:05] local.ERROR: exception 'ErrorException' with message 'file_put_contents(C:\wamp\www\Eventica5.0\storage/framework/sessions/1f973af011e286c8503647e1dbb7e2ace0df18aa): failed to open stream: No such file or directory' in C:\wamp\www\Eventica5.0\vendor\laravel\framework\src\Illuminate\Filesystem\Filesystem.php:75
Stack trace:
#0 [internal function]: Illuminate\Foundation\Bootstrap\HandleExceptions->handleError(2, 'file_put_conten...', 'C:\\wamp\\www\\Eve...', 75, Array)
#1 C:\wamp\www\Eventica5.0\vendor\laravel\framework\src\Illuminate\Filesystem\Filesystem.php(75): file_put_contents('C:\\wamp\\www\\Eve...', 'a:5:{s:6:"_toke...', 2)
#2 C:\wamp\www\Eventica5.0\vendor\laravel\framework\src\Illuminate\Session\FileSessionHandler.php(70): Illuminate\Filesystem\Filesystem->put('C:\\wamp\\www\\Eve...', 'a:5:{s:6:"_toke...', true)
#3 C:\wamp\www\Eventica5.0\vendor\laravel\framework\src\Illuminate\Session\Store.php(255): Illuminate\Session\FileSessionHandler->write('1f973af011e286c...', 'a:5:{s:6:"_toke...')
#4 C:\wamp\www\Eventica5.0\vendor\laravel\framework\src\Illuminate\Session\Middleware\StartSession.php(89): Illuminate\Session\Store->save()
#5 C:\wamp\www\Eventica5.0\vendor\laravel\framework\src\Illuminate\Foundation\Http\Kernel.php(135): Illuminate\Session\Middleware\StartSession->terminate(Object(Illuminate\Http\Request), Object(Illuminate\Http\RedirectResponse))
#6 C:\wamp\www\Eventica5.0\public\index.php(57): Illuminate\Foundation\Http\Kernel->terminate(Object(Illuminate\Http\Request), Object(Illuminate\Http\RedirectResponse))
#7 {main}  
[2015-07-23 15:33:05] local.ERROR: exception 'ErrorException' with message 'file_put_contents(C:\wamp\www\Eventica5.0\storage/framework/sessions/1f973af011e286c8503647e1dbb7e2ace0df18aa): failed to open stream: No such file or directory' in C:\wamp\www\Eventica5.0\vendor\laravel\framework\src\Illuminate\Filesystem\Filesystem.php:75
Stack trace:
#0 [internal function]: Illuminate\Foundation\Bootstrap\HandleExceptions->handleError(2, 'file_put_conten...', 'C:\\wamp\\www\\Eve...', 75, Array)
#1 C:\wamp\www\Eventica5.0\vendor\laravel\framework\src\Illuminate\Filesystem\Filesystem.php(75): file_put_contents('C:\\wamp\\www\\Eve...', 'a:4:{s:6:"_toke...', 2)
#2 C:\wamp\www\Eventica5.0\vendor\laravel\framework\src\Illuminate\Session\FileSessionHandler.php(70): Illuminate\Filesystem\Filesystem->put('C:\\wamp\\www\\Eve...', 'a:4:{s:6:"_toke...', true)
#3 C:\wamp\www\Eventica5.0\vendor\laravel\framework\src\Illuminate\Session\Store.php(255): Illuminate\Session\FileSessionHandler->write('1f973af011e286c...', 'a:4:{s:6:"_toke...')
#4 C:\wamp\www\Eventica5.0\vendor\laravel\framework\src\Illuminate\Session\Middleware\StartSession.php(89): Illuminate\Session\Store->save()
#5 C:\wamp\www\Eventica5.0\vendor\laravel\framework\src\Illuminate\Foundation\Http\Kernel.php(135): Illuminate\Session\Middleware\StartSession->terminate(Object(Illuminate\Http\Request), Object(Illuminate\Http\Response))
#6 C:\wamp\www\Eventica5.0\public\index.php(57): Illuminate\Foundation\Http\Kernel->terminate(Object(Illuminate\Http\Request), Object(Illuminate\Http\Response))
#7 {main}  
[2015-07-23 15:33:05] local.ERROR: exception 'ErrorException' with message 'file_put_contents(C:\wamp\www\Eventica5.0\storage/framework/sessions/1f973af011e286c8503647e1dbb7e2ace0df18aa): failed to open stream: No such file or directory' in C:\wamp\www\Eventica5.0\vendor\laravel\framework\src\Illuminate\Filesystem\Filesystem.php:75
Stack trace:
#0 [internal function]: Illuminate\Foundation\Bootstrap\HandleExceptions->handleError(2, 'file_put_conten...', 'C:\\wamp\\www\\Eve...', 75, Array)
#1 C:\wamp\www\Eventica5.0\vendor\laravel\framework\src\Illuminate\Filesystem\Filesystem.php(75): file_put_contents('C:\\wamp\\www\\Eve...', 'a:4:{s:6:"_toke...', 2)
#2 C:\wamp\www\Eventica5.0\vendor\laravel\framework\src\Illuminate\Session\FileSessionHandler.php(70): Illuminate\Filesystem\Filesystem->put('C:\\wamp\\www\\Eve...', 'a:4:{s:6:"_toke...', true)
#3 C:\wamp\www\Eventica5.0\vendor\laravel\framework\src\Illuminate\Session\Store.php(255): Illuminate\Session\FileSessionHandler->write('1f973af011e286c...', 'a:4:{s:6:"_toke...')
#4 C:\wamp\www\Eventica5.0\vendor\laravel\framework\src\Illuminate\Session\Middleware\StartSession.php(89): Illuminate\Session\Store->save()
#5 C:\wamp\www\Eventica5.0\vendor\laravel\framework\src\Illuminate\Foundation\Http\Kernel.php(135): Illuminate\Session\Middleware\StartSession->terminate(Object(Illuminate\Http\Request), Object(Illuminate\Http\Response))
#6 C:\wamp\www\Eventica5.0\public\index.php(57): Illuminate\Foundation\Http\Kernel->terminate(Object(Illuminate\Http\Request), Object(Illuminate\Http\Response))
#7 {main}  
[2015-07-23 15:33:09] local.ERROR: exception 'ErrorException' with message 'file_put_contents(C:\wamp\www\Eventica5.0\storage/framework/sessions/1f973af011e286c8503647e1dbb7e2ace0df18aa): failed to open stream: No such file or directory' in C:\wamp\www\Eventica5.0\vendor\laravel\framework\src\Illuminate\Filesystem\Filesystem.php:75
Stack trace:
#0 [internal function]: Illuminate\Foundation\Bootstrap\HandleExceptions->handleError(2, 'file_put_conten...', 'C:\\wamp\\www\\Eve...', 75, Array)
#1 C:\wamp\www\Eventica5.0\vendor\laravel\framework\src\Illuminate\Filesystem\Filesystem.php(75): file_put_contents('C:\\wamp\\www\\Eve...', 'a:4:{s:6:"_toke...', 2)
#2 C:\wamp\www\Eventica5.0\vendor\laravel\framework\src\Illuminate\Session\FileSessionHandler.php(70): Illuminate\Filesystem\Filesystem->put('C:\\wamp\\www\\Eve...', 'a:4:{s:6:"_toke...', true)
#3 C:\wamp\www\Eventica5.0\vendor\laravel\framework\src\Illuminate\Session\Store.php(255): Illuminate\Session\FileSessionHandler->write('1f973af011e286c...', 'a:4:{s:6:"_toke...')
#4 C:\wamp\www\Eventica5.0\vendor\laravel\framework\src\Illuminate\Session\Middleware\StartSession.php(89): Illuminate\Session\Store->save()
#5 C:\wamp\www\Eventica5.0\vendor\laravel\framework\src\Illuminate\Foundation\Http\Kernel.php(135): Illuminate\Session\Middleware\StartSession->terminate(Object(Illuminate\Http\Request), Object(Illuminate\Http\Response))
#6 C:\wamp\www\Eventica5.0\public\index.php(57): Illuminate\Foundation\Http\Kernel->terminate(Object(Illuminate\Http\Request), Object(Illuminate\Http\Response))
#7 {main}  
[2015-07-23 15:33:11] local.ERROR: exception 'ErrorException' with message 'file_put_contents(C:\wamp\www\Eventica5.0\storage/framework/sessions/1f973af011e286c8503647e1dbb7e2ace0df18aa): failed to open stream: No such file or directory' in C:\wamp\www\Eventica5.0\vendor\laravel\framework\src\Illuminate\Filesystem\Filesystem.php:75
Stack trace:
#0 [internal function]: Illuminate\Foundation\Bootstrap\HandleExceptions->handleError(2, 'file_put_conten...', 'C:\\wamp\\www\\Eve...', 75, Array)
#1 C:\wamp\www\Eventica5.0\vendor\laravel\framework\src\Illuminate\Filesystem\Filesystem.php(75): file_put_contents('C:\\wamp\\www\\Eve...', 'a:4:{s:6:"_toke...', 2)
#2 C:\wamp\www\Eventica5.0\vendor\laravel\framework\src\Illuminate\Session\FileSessionHandler.php(70): Illuminate\Filesystem\Filesystem->put('C:\\wamp\\www\\Eve...', 'a:4:{s:6:"_toke...', true)
#3 C:\wamp\www\Eventica5.0\vendor\laravel\framework\src\Illuminate\Session\Store.php(255): Illuminate\Session\FileSessionHandler->write('1f973af011e286c...', 'a:4:{s:6:"_toke...')
#4 C:\wamp\www\Eventica5.0\vendor\laravel\framework\src\Illuminate\Session\Middleware\StartSession.php(89): Illuminate\Session\Store->save()
#5 C:\wamp\www\Eventica5.0\vendor\laravel\framework\src\Illuminate\Foundation\Http\Kernel.php(135): Illuminate\Session\Middleware\StartSession->terminate(Object(Illuminate\Http\Request), Object(Illuminate\Http\Response))
#6 C:\wamp\www\Eventica5.0\public\index.php(57): Illuminate\Foundation\Http\Kernel->terminate(Object(Illuminate\Http\Request), Object(Illuminate\Http\Response))
#7 {main}  
[2015-07-23 15:33:12] local.ERROR: exception 'ErrorException' with message 'file_put_contents(C:\wamp\www\Eventica5.0\storage/framework/sessions/1f973af011e286c8503647e1dbb7e2ace0df18aa): failed to open stream: No such file or directory' in C:\wamp\www\Eventica5.0\vendor\laravel\framework\src\Illuminate\Filesystem\Filesystem.php:75
Stack trace:
#0 [internal function]: Illuminate\Foundation\Bootstrap\HandleExceptions->handleError(2, 'file_put_conten...', 'C:\\wamp\\www\\Eve...', 75, Array)
#1 C:\wamp\www\Eventica5.0\vendor\laravel\framework\src\Illuminate\Filesystem\Filesystem.php(75): file_put_contents('C:\\wamp\\www\\Eve...', 'a:4:{s:6:"_toke...', 2)
#2 C:\wamp\www\Eventica5.0\vendor\laravel\framework\src\Illuminate\Session\FileSessionHandler.php(70): Illuminate\Filesystem\Filesystem->put('C:\\wamp\\www\\Eve...', 'a:4:{s:6:"_toke...', true)
#3 C:\wamp\www\Eventica5.0\vendor\laravel\framework\src\Illuminate\Session\Store.php(255): Illuminate\Session\FileSessionHandler->write('1f973af011e286c...', 'a:4:{s:6:"_toke...')
#4 C:\wamp\www\Eventica5.0\vendor\laravel\framework\src\Illuminate\Session\Middleware\StartSession.php(89): Illuminate\Session\Store->save()
#5 C:\wamp\www\Eventica5.0\vendor\laravel\framework\src\Illuminate\Foundation\Http\Kernel.php(135): Illuminate\Session\Middleware\StartSession->terminate(Object(Illuminate\Http\Request), Object(Illuminate\Http\Response))
#6 C:\wamp\www\Eventica5.0\public\index.php(57): Illuminate\Foundation\Http\Kernel->terminate(Object(Illuminate\Http\Request), Object(Illuminate\Http\Response))
#7 {main}  
[2015-07-23 15:33:13] local.ERROR: exception 'ErrorException' with message 'file_put_contents(C:\wamp\www\Eventica5.0\storage/framework/sessions/1f973af011e286c8503647e1dbb7e2ace0df18aa): failed to open stream: No such file or directory' in C:\wamp\www\Eventica5.0\vendor\laravel\framework\src\Illuminate\Filesystem\Filesystem.php:75
Stack trace:
#0 [internal function]: Illuminate\Foundation\Bootstrap\HandleExceptions->handleError(2, 'file_put_conten...', 'C:\\wamp\\www\\Eve...', 75, Array)
#1 C:\wamp\www\Eventica5.0\vendor\laravel\framework\src\Illuminate\Filesystem\Filesystem.php(75): file_put_contents('C:\\wamp\\www\\Eve...', 'a:4:{s:6:"_toke...', 2)
#2 C:\wamp\www\Eventica5.0\vendor\laravel\framework\src\Illuminate\Session\FileSessionHandler.php(70): Illuminate\Filesystem\Filesystem->put('C:\\wamp\\www\\Eve...', 'a:4:{s:6:"_toke...', true)
#3 C:\wamp\www\Eventica5.0\vendor\laravel\framework\src\Illuminate\Session\Store.php(255): Illuminate\Session\FileSessionHandler->write('1f973af011e286c...', 'a:4:{s:6:"_toke...')
#4 C:\wamp\www\Eventica5.0\vendor\laravel\framework\src\Illuminate\Session\Middleware\StartSession.php(89): Illuminate\Session\Store->save()
#5 C:\wamp\www\Eventica5.0\vendor\laravel\framework\src\Illuminate\Foundation\Http\Kernel.php(135): Illuminate\Session\Middleware\StartSession->terminate(Object(Illuminate\Http\Request), Object(Illuminate\Http\Response))
#6 C:\wamp\www\Eventica5.0\public\index.php(57): Illuminate\Foundation\Http\Kernel->terminate(Object(Illuminate\Http\Request), Object(Illuminate\Http\Response))
#7 {main}  
[2015-07-23 15:33:14] local.ERROR: exception 'ErrorException' with message 'file_put_contents(C:\wamp\www\Eventica5.0\storage/framework/sessions/1f973af011e286c8503647e1dbb7e2ace0df18aa): failed to open stream: No such file or directory' in C:\wamp\www\Eventica5.0\vendor\laravel\framework\src\Illuminate\Filesystem\Filesystem.php:75
Stack trace:
#0 [internal function]: Illuminate\Foundation\Bootstrap\HandleExceptions->handleError(2, 'file_put_conten...', 'C:\\wamp\\www\\Eve...', 75, Array)
#1 C:\wamp\www\Eventica5.0\vendor\laravel\framework\src\Illuminate\Filesystem\Filesystem.php(75): file_put_contents('C:\\wamp\\www\\Eve...', 'a:4:{s:6:"_toke...', 2)
#2 C:\wamp\www\Eventica5.0\vendor\laravel\framework\src\Illuminate\Session\FileSessionHandler.php(70): Illuminate\Filesystem\Filesystem->put('C:\\wamp\\www\\Eve...', 'a:4:{s:6:"_toke...', true)
#3 C:\wamp\www\Eventica5.0\vendor\laravel\framework\src\Illuminate\Session\Store.php(255): Illuminate\Session\FileSessionHandler->write('1f973af011e286c...', 'a:4:{s:6:"_toke...')
#4 C:\wamp\www\Eventica5.0\vendor\laravel\framework\src\Illuminate\Session\Middleware\StartSession.php(89): Illuminate\Session\Store->save()
#5 C:\wamp\www\Eventica5.0\vendor\laravel\framework\src\Illuminate\Foundation\Http\Kernel.php(135): Illuminate\Session\Middleware\StartSession->terminate(Object(Illuminate\Http\Request), Object(Illuminate\Http\Response))
#6 C:\wamp\www\Eventica5.0\public\index.php(57): Illuminate\Foundation\Http\Kernel->terminate(Object(Illuminate\Http\Request), Object(Illuminate\Http\Response))
#7 {main}  
[2015-07-23 15:33:15] local.ERROR: exception 'ErrorException' with message 'file_put_contents(C:\wamp\www\Eventica5.0\storage/framework/sessions/1f973af011e286c8503647e1dbb7e2ace0df18aa): failed to open stream: No such file or directory' in C:\wamp\www\Eventica5.0\vendor\laravel\framework\src\Illuminate\Filesystem\Filesystem.php:75
Stack trace:
#0 [internal function]: Illuminate\Foundation\Bootstrap\HandleExceptions->handleError(2, 'file_put_conten...', 'C:\\wamp\\www\\Eve...', 75, Array)
#1 C:\wamp\www\Eventica5.0\vendor\laravel\framework\src\Illuminate\Filesystem\Filesystem.php(75): file_put_contents('C:\\wamp\\www\\Eve...', 'a:4:{s:6:"_toke...', 2)
#2 C:\wamp\www\Eventica5.0\vendor\laravel\framework\src\Illuminate\Session\FileSessionHandler.php(70): Illuminate\Filesystem\Filesystem->put('C:\\wamp\\www\\Eve...', 'a:4:{s:6:"_toke...', true)
#3 C:\wamp\www\Eventica5.0\vendor\laravel\framework\src\Illuminate\Session\Store.php(255): Illuminate\Session\FileSessionHandler->write('1f973af011e286c...', 'a:4:{s:6:"_toke...')
#4 C:\wamp\www\Eventica5.0\vendor\laravel\framework\src\Illuminate\Session\Middleware\StartSession.php(89): Illuminate\Session\Store->save()
#5 C:\wamp\www\Eventica5.0\vendor\laravel\framework\src\Illuminate\Foundation\Http\Kernel.php(135): Illuminate\Session\Middleware\StartSession->terminate(Object(Illuminate\Http\Request), Object(Illuminate\Http\Response))
#6 C:\wamp\www\Eventica5.0\public\index.php(57): Illuminate\Foundation\Http\Kernel->terminate(Object(Illuminate\Http\Request), Object(Illuminate\Http\Response))
#7 {main}  
[2015-07-23 15:33:15] local.ERROR: exception 'ErrorException' with message 'file_put_contents(C:\wamp\www\Eventica5.0\storage/framework/sessions/1f973af011e286c8503647e1dbb7e2ace0df18aa): failed to open stream: No such file or directory' in C:\wamp\www\Eventica5.0\vendor\laravel\framework\src\Illuminate\Filesystem\Filesystem.php:75
Stack trace:
#0 [internal function]: Illuminate\Foundation\Bootstrap\HandleExceptions->handleError(2, 'file_put_conten...', 'C:\\wamp\\www\\Eve...', 75, Array)
#1 C:\wamp\www\Eventica5.0\vendor\laravel\framework\src\Illuminate\Filesystem\Filesystem.php(75): file_put_contents('C:\\wamp\\www\\Eve...', 'a:4:{s:6:"_toke...', 2)
#2 C:\wamp\www\Eventica5.0\vendor\laravel\framework\src\Illuminate\Session\FileSessionHandler.php(70): Illuminate\Filesystem\Filesystem->put('C:\\wamp\\www\\Eve...', 'a:4:{s:6:"_toke...', true)
#3 C:\wamp\www\Eventica5.0\vendor\laravel\framework\src\Illuminate\Session\Store.php(255): Illuminate\Session\FileSessionHandler->write('1f973af011e286c...', 'a:4:{s:6:"_toke...')
#4 C:\wamp\www\Eventica5.0\vendor\laravel\framework\src\Illuminate\Session\Middleware\StartSession.php(89): Illuminate\Session\Store->save()
#5 C:\wamp\www\Eventica5.0\vendor\laravel\framework\src\Illuminate\Foundation\Http\Kernel.php(135): Illuminate\Session\Middleware\StartSession->terminate(Object(Illuminate\Http\Request), Object(Illuminate\Http\Response))
#6 C:\wamp\www\Eventica5.0\public\index.php(57): Illuminate\Foundation\Http\Kernel->terminate(Object(Illuminate\Http\Request), Object(Illuminate\Http\Response))
#7 {main}  
[2015-07-23 15:33:16] local.ERROR: exception 'ErrorException' with message 'file_put_contents(C:\wamp\www\Eventica5.0\storage/framework/sessions/1f973af011e286c8503647e1dbb7e2ace0df18aa): failed to open stream: No such file or directory' in C:\wamp\www\Eventica5.0\vendor\laravel\framework\src\Illuminate\Filesystem\Filesystem.php:75
Stack trace:
#0 [internal function]: Illuminate\Foundation\Bootstrap\HandleExceptions->handleError(2, 'file_put_conten...', 'C:\\wamp\\www\\Eve...', 75, Array)
#1 C:\wamp\www\Eventica5.0\vendor\laravel\framework\src\Illuminate\Filesystem\Filesystem.php(75): file_put_contents('C:\\wamp\\www\\Eve...', 'a:4:{s:6:"_toke...', 2)
#2 C:\wamp\www\Eventica5.0\vendor\laravel\framework\src\Illuminate\Session\FileSessionHandler.php(70): Illuminate\Filesystem\Filesystem->put('C:\\wamp\\www\\Eve...', 'a:4:{s:6:"_toke...', true)
#3 C:\wamp\www\Eventica5.0\vendor\laravel\framework\src\Illuminate\Session\Store.php(255): Illuminate\Session\FileSessionHandler->write('1f973af011e286c...', 'a:4:{s:6:"_toke...')
#4 C:\wamp\www\Eventica5.0\vendor\laravel\framework\src\Illuminate\Session\Middleware\StartSession.php(89): Illuminate\Session\Store->save()
#5 C:\wamp\www\Eventica5.0\vendor\laravel\framework\src\Illuminate\Foundation\Http\Kernel.php(135): Illuminate\Session\Middleware\StartSession->terminate(Object(Illuminate\Http\Request), Object(Illuminate\Http\Response))
#6 C:\wamp\www\Eventica5.0\public\index.php(57): Illuminate\Foundation\Http\Kernel->terminate(Object(Illuminate\Http\Request), Object(Illuminate\Http\Response))
#7 {main}  
[2015-07-23 15:33:17] local.ERROR: exception 'ErrorException' with message 'file_put_contents(C:\wamp\www\Eventica5.0\storage/framework/sessions/1f973af011e286c8503647e1dbb7e2ace0df18aa): failed to open stream: No such file or directory' in C:\wamp\www\Eventica5.0\vendor\laravel\framework\src\Illuminate\Filesystem\Filesystem.php:75
Stack trace:
#0 [internal function]: Illuminate\Foundation\Bootstrap\HandleExceptions->handleError(2, 'file_put_conten...', 'C:\\wamp\\www\\Eve...', 75, Array)
#1 C:\wamp\www\Eventica5.0\vendor\laravel\framework\src\Illuminate\Filesystem\Filesystem.php(75): file_put_contents('C:\\wamp\\www\\Eve...', 'a:4:{s:6:"_toke...', 2)
#2 C:\wamp\www\Eventica5.0\vendor\laravel\framework\src\Illuminate\Session\FileSessionHandler.php(70): Illuminate\Filesystem\Filesystem->put('C:\\wamp\\www\\Eve...', 'a:4:{s:6:"_toke...', true)
#3 C:\wamp\www\Eventica5.0\vendor\laravel\framework\src\Illuminate\Session\Store.php(255): Illuminate\Session\FileSessionHandler->write('1f973af011e286c...', 'a:4:{s:6:"_toke...')
#4 C:\wamp\www\Eventica5.0\vendor\laravel\framework\src\Illuminate\Session\Middleware\StartSession.php(89): Illuminate\Session\Store->save()
#5 C:\wamp\www\Eventica5.0\vendor\laravel\framework\src\Illuminate\Foundation\Http\Kernel.php(135): Illuminate\Session\Middleware\StartSession->terminate(Object(Illuminate\Http\Request), Object(Illuminate\Http\Response))
#6 C:\wamp\www\Eventica5.0\public\index.php(57): Illuminate\Foundation\Http\Kernel->terminate(Object(Illuminate\Http\Request), Object(Illuminate\Http\Response))
#7 {main}  
[2015-07-23 15:33:17] local.ERROR: exception 'ErrorException' with message 'file_put_contents(C:\wamp\www\Eventica5.0\storage/framework/sessions/1f973af011e286c8503647e1dbb7e2ace0df18aa): failed to open stream: No such file or directory' in C:\wamp\www\Eventica5.0\vendor\laravel\framework\src\Illuminate\Filesystem\Filesystem.php:75
Stack trace:
#0 [internal function]: Illuminate\Foundation\Bootstrap\HandleExceptions->handleError(2, 'file_put_conten...', 'C:\\wamp\\www\\Eve...', 75, Array)
#1 C:\wamp\www\Eventica5.0\vendor\laravel\framework\src\Illuminate\Filesystem\Filesystem.php(75): file_put_contents('C:\\wamp\\www\\Eve...', 'a:4:{s:6:"_toke...', 2)
#2 C:\wamp\www\Eventica5.0\vendor\laravel\framework\src\Illuminate\Session\FileSessionHandler.php(70): Illuminate\Filesystem\Filesystem->put('C:\\wamp\\www\\Eve...', 'a:4:{s:6:"_toke...', true)
#3 C:\wamp\www\Eventica5.0\vendor\laravel\framework\src\Illuminate\Session\Store.php(255): Illuminate\Session\FileSessionHandler->write('1f973af011e286c...', 'a:4:{s:6:"_toke...')
#4 C:\wamp\www\Eventica5.0\vendor\laravel\framework\src\Illuminate\Session\Middleware\StartSession.php(89): Illuminate\Session\Store->save()
#5 C:\wamp\www\Eventica5.0\vendor\laravel\framework\src\Illuminate\Foundation\Http\Kernel.php(135): Illuminate\Session\Middleware\StartSession->terminate(Object(Illuminate\Http\Request), Object(Illuminate\Http\Response))
#6 C:\wamp\www\Eventica5.0\public\index.php(57): Illuminate\Foundation\Http\Kernel->terminate(Object(Illuminate\Http\Request), Object(Illuminate\Http\Response))
#7 {main}  
[2015-07-23 15:33:18] local.ERROR: exception 'ErrorException' with message 'file_put_contents(C:\wamp\www\Eventica5.0\storage/framework/sessions/1f973af011e286c8503647e1dbb7e2ace0df18aa): failed to open stream: No such file or directory' in C:\wamp\www\Eventica5.0\vendor\laravel\framework\src\Illuminate\Filesystem\Filesystem.php:75
Stack trace:
#0 [internal function]: Illuminate\Foundation\Bootstrap\HandleExceptions->handleError(2, 'file_put_conten...', 'C:\\wamp\\www\\Eve...', 75, Array)
#1 C:\wamp\www\Eventica5.0\vendor\laravel\framework\src\Illuminate\Filesystem\Filesystem.php(75): file_put_contents('C:\\wamp\\www\\Eve...', 'a:4:{s:6:"_toke...', 2)
#2 C:\wamp\www\Eventica5.0\vendor\laravel\framework\src\Illuminate\Session\FileSessionHandler.php(70): Illuminate\Filesystem\Filesystem->put('C:\\wamp\\www\\Eve...', 'a:4:{s:6:"_toke...', true)
#3 C:\wamp\www\Eventica5.0\vendor\laravel\framework\src\Illuminate\Session\Store.php(255): Illuminate\Session\FileSessionHandler->write('1f973af011e286c...', 'a:4:{s:6:"_toke...')
#4 C:\wamp\www\Eventica5.0\vendor\laravel\framework\src\Illuminate\Session\Middleware\StartSession.php(89): Illuminate\Session\Store->save()
#5 C:\wamp\www\Eventica5.0\vendor\laravel\framework\src\Illuminate\Foundation\Http\Kernel.php(135): Illuminate\Session\Middleware\StartSession->terminate(Object(Illuminate\Http\Request), Object(Illuminate\Http\Response))
#6 C:\wamp\www\Eventica5.0\public\index.php(57): Illuminate\Foundation\Http\Kernel->terminate(Object(Illuminate\Http\Request), Object(Illuminate\Http\Response))
#7 {main}  
[2015-07-23 15:33:19] local.ERROR: exception 'ErrorException' with message 'file_put_contents(C:\wamp\www\Eventica5.0\storage/framework/sessions/1f973af011e286c8503647e1dbb7e2ace0df18aa): failed to open stream: No such file or directory' in C:\wamp\www\Eventica5.0\vendor\laravel\framework\src\Illuminate\Filesystem\Filesystem.php:75
Stack trace:
#0 [internal function]: Illuminate\Foundation\Bootstrap\HandleExceptions->handleError(2, 'file_put_conten...', 'C:\\wamp\\www\\Eve...', 75, Array)
#1 C:\wamp\www\Eventica5.0\vendor\laravel\framework\src\Illuminate\Filesystem\Filesystem.php(75): file_put_contents('C:\\wamp\\www\\Eve...', 'a:4:{s:6:"_toke...', 2)
#2 C:\wamp\www\Eventica5.0\vendor\laravel\framework\src\Illuminate\Session\FileSessionHandler.php(70): Illuminate\Filesystem\Filesystem->put('C:\\wamp\\www\\Eve...', 'a:4:{s:6:"_toke...', true)
#3 C:\wamp\www\Eventica5.0\vendor\laravel\framework\src\Illuminate\Session\Store.php(255): Illuminate\Session\FileSessionHandler->write('1f973af011e286c...', 'a:4:{s:6:"_toke...')
#4 C:\wamp\www\Eventica5.0\vendor\laravel\framework\src\Illuminate\Session\Middleware\StartSession.php(89): Illuminate\Session\Store->save()
#5 C:\wamp\www\Eventica5.0\vendor\laravel\framework\src\Illuminate\Foundation\Http\Kernel.php(135): Illuminate\Session\Middleware\StartSession->terminate(Object(Illuminate\Http\Request), Object(Illuminate\Http\Response))
#6 C:\wamp\www\Eventica5.0\public\index.php(57): Illuminate\Foundation\Http\Kernel->terminate(Object(Illuminate\Http\Request), Object(Illuminate\Http\Response))
#7 {main}  
[2015-07-23 15:33:19] local.ERROR: exception 'ErrorException' with message 'file_put_contents(C:\wamp\www\Eventica5.0\storage/framework/sessions/1f973af011e286c8503647e1dbb7e2ace0df18aa): failed to open stream: No such file or directory' in C:\wamp\www\Eventica5.0\vendor\laravel\framework\src\Illuminate\Filesystem\Filesystem.php:75
Stack trace:
#0 [internal function]: Illuminate\Foundation\Bootstrap\HandleExceptions->handleError(2, 'file_put_conten...', 'C:\\wamp\\www\\Eve...', 75, Array)
#1 C:\wamp\www\Eventica5.0\vendor\laravel\framework\src\Illuminate\Filesystem\Filesystem.php(75): file_put_contents('C:\\wamp\\www\\Eve...', 'a:4:{s:6:"_toke...', 2)
#2 C:\wamp\www\Eventica5.0\vendor\laravel\framework\src\Illuminate\Session\FileSessionHandler.php(70): Illuminate\Filesystem\Filesystem->put('C:\\wamp\\www\\Eve...', 'a:4:{s:6:"_toke...', true)
#3 C:\wamp\www\Eventica5.0\vendor\laravel\framework\src\Illuminate\Session\Store.php(255): Illuminate\Session\FileSessionHandler->write('1f973af011e286c...', 'a:4:{s:6:"_toke...')
#4 C:\wamp\www\Eventica5.0\vendor\laravel\framework\src\Illuminate\Session\Middleware\StartSession.php(89): Illuminate\Session\Store->save()
#5 C:\wamp\www\Eventica5.0\vendor\laravel\framework\src\Illuminate\Foundation\Http\Kernel.php(135): Illuminate\Session\Middleware\StartSession->terminate(Object(Illuminate\Http\Request), Object(Illuminate\Http\Response))
#6 C:\wamp\www\Eventica5.0\public\index.php(57): Illuminate\Foundation\Http\Kernel->terminate(Object(Illuminate\Http\Request), Object(Illuminate\Http\Response))
#7 {main}  
[2015-07-23 15:33:20] local.ERROR: exception 'ErrorException' with message 'file_put_contents(C:\wamp\www\Eventica5.0\storage/framework/sessions/1f973af011e286c8503647e1dbb7e2ace0df18aa): failed to open stream: No such file or directory' in C:\wamp\www\Eventica5.0\vendor\laravel\framework\src\Illuminate\Filesystem\Filesystem.php:75
Stack trace:
#0 [internal function]: Illuminate\Foundation\Bootstrap\HandleExceptions->handleError(2, 'file_put_conten...', 'C:\\wamp\\www\\Eve...', 75, Array)
#1 C:\wamp\www\Eventica5.0\vendor\laravel\framework\src\Illuminate\Filesystem\Filesystem.php(75): file_put_contents('C:\\wamp\\www\\Eve...', 'a:4:{s:6:"_toke...', 2)
#2 C:\wamp\www\Eventica5.0\vendor\laravel\framework\src\Illuminate\Session\FileSessionHandler.php(70): Illuminate\Filesystem\Filesystem->put('C:\\wamp\\www\\Eve...', 'a:4:{s:6:"_toke...', true)
#3 C:\wamp\www\Eventica5.0\vendor\laravel\framework\src\Illuminate\Session\Store.php(255): Illuminate\Session\FileSessionHandler->write('1f973af011e286c...', 'a:4:{s:6:"_toke...')
#4 C:\wamp\www\Eventica5.0\vendor\laravel\framework\src\Illuminate\Session\Middleware\StartSession.php(89): Illuminate\Session\Store->save()
#5 C:\wamp\www\Eventica5.0\vendor\laravel\framework\src\Illuminate\Foundation\Http\Kernel.php(135): Illuminate\Session\Middleware\StartSession->terminate(Object(Illuminate\Http\Request), Object(Illuminate\Http\Response))
#6 C:\wamp\www\Eventica5.0\public\index.php(57): Illuminate\Foundation\Http\Kernel->terminate(Object(Illuminate\Http\Request), Object(Illuminate\Http\Response))
#7 {main}  
[2015-07-23 15:33:21] local.ERROR: exception 'ErrorException' with message 'file_put_contents(C:\wamp\www\Eventica5.0\storage/framework/sessions/1f973af011e286c8503647e1dbb7e2ace0df18aa): failed to open stream: No such file or directory' in C:\wamp\www\Eventica5.0\vendor\laravel\framework\src\Illuminate\Filesystem\Filesystem.php:75
Stack trace:
#0 [internal function]: Illuminate\Foundation\Bootstrap\HandleExceptions->handleError(2, 'file_put_conten...', 'C:\\wamp\\www\\Eve...', 75, Array)
#1 C:\wamp\www\Eventica5.0\vendor\laravel\framework\src\Illuminate\Filesystem\Filesystem.php(75): file_put_contents('C:\\wamp\\www\\Eve...', 'a:4:{s:6:"_toke...', 2)
#2 C:\wamp\www\Eventica5.0\vendor\laravel\framework\src\Illuminate\Session\FileSessionHandler.php(70): Illuminate\Filesystem\Filesystem->put('C:\\wamp\\www\\Eve...', 'a:4:{s:6:"_toke...', true)
#3 C:\wamp\www\Eventica5.0\vendor\laravel\framework\src\Illuminate\Session\Store.php(255): Illuminate\Session\FileSessionHandler->write('1f973af011e286c...', 'a:4:{s:6:"_toke...')
#4 C:\wamp\www\Eventica5.0\vendor\laravel\framework\src\Illuminate\Session\Middleware\StartSession.php(89): Illuminate\Session\Store->save()
#5 C:\wamp\www\Eventica5.0\vendor\laravel\framework\src\Illuminate\Foundation\Http\Kernel.php(135): Illuminate\Session\Middleware\StartSession->terminate(Object(Illuminate\Http\Request), Object(Illuminate\Http\Response))
#6 C:\wamp\www\Eventica5.0\public\index.php(57): Illuminate\Foundation\Http\Kernel->terminate(Object(Illuminate\Http\Request), Object(Illuminate\Http\Response))
#7 {main}  
[2015-07-23 15:33:21] local.ERROR: exception 'ErrorException' with message 'file_put_contents(C:\wamp\www\Eventica5.0\storage/framework/sessions/1f973af011e286c8503647e1dbb7e2ace0df18aa): failed to open stream: No such file or directory' in C:\wamp\www\Eventica5.0\vendor\laravel\framework\src\Illuminate\Filesystem\Filesystem.php:75
Stack trace:
#0 [internal function]: Illuminate\Foundation\Bootstrap\HandleExceptions->handleError(2, 'file_put_conten...', 'C:\\wamp\\www\\Eve...', 75, Array)
#1 C:\wamp\www\Eventica5.0\vendor\laravel\framework\src\Illuminate\Filesystem\Filesystem.php(75): file_put_contents('C:\\wamp\\www\\Eve...', 'a:4:{s:6:"_toke...', 2)
#2 C:\wamp\www\Eventica5.0\vendor\laravel\framework\src\Illuminate\Session\FileSessionHandler.php(70): Illuminate\Filesystem\Filesystem->put('C:\\wamp\\www\\Eve...', 'a:4:{s:6:"_toke...', true)
#3 C:\wamp\www\Eventica5.0\vendor\laravel\framework\src\Illuminate\Session\Store.php(255): Illuminate\Session\FileSessionHandler->write('1f973af011e286c...', 'a:4:{s:6:"_toke...')
#4 C:\wamp\www\Eventica5.0\vendor\laravel\framework\src\Illuminate\Session\Middleware\StartSession.php(89): Illuminate\Session\Store->save()
#5 C:\wamp\www\Eventica5.0\vendor\laravel\framework\src\Illuminate\Foundation\Http\Kernel.php(135): Illuminate\Session\Middleware\StartSession->terminate(Object(Illuminate\Http\Request), Object(Illuminate\Http\Response))
#6 C:\wamp\www\Eventica5.0\public\index.php(57): Illuminate\Foundation\Http\Kernel->terminate(Object(Illuminate\Http\Request), Object(Illuminate\Http\Response))
#7 {main}  
[2015-07-23 15:33:23] local.ERROR: exception 'ErrorException' with message 'file_put_contents(C:\wamp\www\Eventica5.0\storage/framework/sessions/1f973af011e286c8503647e1dbb7e2ace0df18aa): failed to open stream: No such file or directory' in C:\wamp\www\Eventica5.0\vendor\laravel\framework\src\Illuminate\Filesystem\Filesystem.php:75
Stack trace:
#0 [internal function]: Illuminate\Foundation\Bootstrap\HandleExceptions->handleError(2, 'file_put_conten...', 'C:\\wamp\\www\\Eve...', 75, Array)
#1 C:\wamp\www\Eventica5.0\vendor\laravel\framework\src\Illuminate\Filesystem\Filesystem.php(75): file_put_contents('C:\\wamp\\www\\Eve...', 'a:4:{s:6:"_toke...', 2)
#2 C:\wamp\www\Eventica5.0\vendor\laravel\framework\src\Illuminate\Session\FileSessionHandler.php(70): Illuminate\Filesystem\Filesystem->put('C:\\wamp\\www\\Eve...', 'a:4:{s:6:"_toke...', true)
#3 C:\wamp\www\Eventica5.0\vendor\laravel\framework\src\Illuminate\Session\Store.php(255): Illuminate\Session\FileSessionHandler->write('1f973af011e286c...', 'a:4:{s:6:"_toke...')
#4 C:\wamp\www\Eventica5.0\vendor\laravel\framework\src\Illuminate\Session\Middleware\StartSession.php(89): Illuminate\Session\Store->save()
#5 C:\wamp\www\Eventica5.0\vendor\laravel\framework\src\Illuminate\Foundation\Http\Kernel.php(135): Illuminate\Session\Middleware\StartSession->terminate(Object(Illuminate\Http\Request), Object(Illuminate\Http\Response))
#6 C:\wamp\www\Eventica5.0\public\index.php(57): Illuminate\Foundation\Http\Kernel->terminate(Object(Illuminate\Http\Request), Object(Illuminate\Http\Response))
#7 {main}  
[2015-07-23 15:33:24] local.ERROR: exception 'ErrorException' with message 'file_put_contents(C:\wamp\www\Eventica5.0\storage/framework/sessions/1f973af011e286c8503647e1dbb7e2ace0df18aa): failed to open stream: No such file or directory' in C:\wamp\www\Eventica5.0\vendor\laravel\framework\src\Illuminate\Filesystem\Filesystem.php:75
Stack trace:
#0 [internal function]: Illuminate\Foundation\Bootstrap\HandleExceptions->handleError(2, 'file_put_conten...', 'C:\\wamp\\www\\Eve...', 75, Array)
#1 C:\wamp\www\Eventica5.0\vendor\laravel\framework\src\Illuminate\Filesystem\Filesystem.php(75): file_put_contents('C:\\wamp\\www\\Eve...', 'a:4:{s:6:"_toke...', 2)
#2 C:\wamp\www\Eventica5.0\vendor\laravel\framework\src\Illuminate\Session\FileSessionHandler.php(70): Illuminate\Filesystem\Filesystem->put('C:\\wamp\\www\\Eve...', 'a:4:{s:6:"_toke...', true)
#3 C:\wamp\www\Eventica5.0\vendor\laravel\framework\src\Illuminate\Session\Store.php(255): Illuminate\Session\FileSessionHandler->write('1f973af011e286c...', 'a:4:{s:6:"_toke...')
#4 C:\wamp\www\Eventica5.0\vendor\laravel\framework\src\Illuminate\Session\Middleware\StartSession.php(89): Illuminate\Session\Store->save()
#5 C:\wamp\www\Eventica5.0\vendor\laravel\framework\src\Illuminate\Foundation\Http\Kernel.php(135): Illuminate\Session\Middleware\StartSession->terminate(Object(Illuminate\Http\Request), Object(Illuminate\Http\Response))
#6 C:\wamp\www\Eventica5.0\public\index.php(57): Illuminate\Foundation\Http\Kernel->terminate(Object(Illuminate\Http\Request), Object(Illuminate\Http\Response))
#7 {main}  
[2015-07-23 15:33:25] local.ERROR: exception 'ErrorException' with message 'file_put_contents(C:\wamp\www\Eventica5.0\storage/framework/sessions/1f973af011e286c8503647e1dbb7e2ace0df18aa): failed to open stream: No such file or directory' in C:\wamp\www\Eventica5.0\vendor\laravel\framework\src\Illuminate\Filesystem\Filesystem.php:75
Stack trace:
#0 [internal function]: Illuminate\Foundation\Bootstrap\HandleExceptions->handleError(2, 'file_put_conten...', 'C:\\wamp\\www\\Eve...', 75, Array)
#1 C:\wamp\www\Eventica5.0\vendor\laravel\framework\src\Illuminate\Filesystem\Filesystem.php(75): file_put_contents('C:\\wamp\\www\\Eve...', 'a:4:{s:6:"_toke...', 2)
#2 C:\wamp\www\Eventica5.0\vendor\laravel\framework\src\Illuminate\Session\FileSessionHandler.php(70): Illuminate\Filesystem\Filesystem->put('C:\\wamp\\www\\Eve...', 'a:4:{s:6:"_toke...', true)
#3 C:\wamp\www\Eventica5.0\vendor\laravel\framework\src\Illuminate\Session\Store.php(255): Illuminate\Session\FileSessionHandler->write('1f973af011e286c...', 'a:4:{s:6:"_toke...')
#4 C:\wamp\www\Eventica5.0\vendor\laravel\framework\src\Illuminate\Session\Middleware\StartSession.php(89): Illuminate\Session\Store->save()
#5 C:\wamp\www\Eventica5.0\vendor\laravel\framework\src\Illuminate\Foundation\Http\Kernel.php(135): Illuminate\Session\Middleware\StartSession->terminate(Object(Illuminate\Http\Request), Object(Illuminate\Http\Response))
#6 C:\wamp\www\Eventica5.0\public\index.php(57): Illuminate\Foundation\Http\Kernel->terminate(Object(Illuminate\Http\Request), Object(Illuminate\Http\Response))
#7 {main}  
[2015-07-23 15:33:25] local.ERROR: exception 'ErrorException' with message 'file_put_contents(C:\wamp\www\Eventica5.0\storage/framework/sessions/1f973af011e286c8503647e1dbb7e2ace0df18aa): failed to open stream: No such file or directory' in C:\wamp\www\Eventica5.0\vendor\laravel\framework\src\Illuminate\Filesystem\Filesystem.php:75
Stack trace:
#0 [internal function]: Illuminate\Foundation\Bootstrap\HandleExceptions->handleError(2, 'file_put_conten...', 'C:\\wamp\\www\\Eve...', 75, Array)
#1 C:\wamp\www\Eventica5.0\vendor\laravel\framework\src\Illuminate\Filesystem\Filesystem.php(75): file_put_contents('C:\\wamp\\www\\Eve...', 'a:4:{s:6:"_toke...', 2)
#2 C:\wamp\www\Eventica5.0\vendor\laravel\framework\src\Illuminate\Session\FileSessionHandler.php(70): Illuminate\Filesystem\Filesystem->put('C:\\wamp\\www\\Eve...', 'a:4:{s:6:"_toke...', true)
#3 C:\wamp\www\Eventica5.0\vendor\laravel\framework\src\Illuminate\Session\Store.php(255): Illuminate\Session\FileSessionHandler->write('1f973af011e286c...', 'a:4:{s:6:"_toke...')
#4 C:\wamp\www\Eventica5.0\vendor\laravel\framework\src\Illuminate\Session\Middleware\StartSession.php(89): Illuminate\Session\Store->save()
#5 C:\wamp\www\Eventica5.0\vendor\laravel\framework\src\Illuminate\Foundation\Http\Kernel.php(135): Illuminate\Session\Middleware\StartSession->terminate(Object(Illuminate\Http\Request), Object(Illuminate\Http\Response))
#6 C:\wamp\www\Eventica5.0\public\index.php(57): Illuminate\Foundation\Http\Kernel->terminate(Object(Illuminate\Http\Request), Object(Illuminate\Http\Response))
#7 {main}  
[2015-07-23 15:33:36] local.ERROR: exception 'ErrorException' with message 'file_put_contents(C:\wamp\www\Eventica5.0\storage/framework/sessions/1f973af011e286c8503647e1dbb7e2ace0df18aa): failed to open stream: No such file or directory' in C:\wamp\www\Eventica5.0\vendor\laravel\framework\src\Illuminate\Filesystem\Filesystem.php:75
Stack trace:
#0 [internal function]: Illuminate\Foundation\Bootstrap\HandleExceptions->handleError(2, 'file_put_conten...', 'C:\\wamp\\www\\Eve...', 75, Array)
#1 C:\wamp\www\Eventica5.0\vendor\laravel\framework\src\Illuminate\Filesystem\Filesystem.php(75): file_put_contents('C:\\wamp\\www\\Eve...', 'a:4:{s:6:"_toke...', 2)
#2 C:\wamp\www\Eventica5.0\vendor\laravel\framework\src\Illuminate\Session\FileSessionHandler.php(70): Illuminate\Filesystem\Filesystem->put('C:\\wamp\\www\\Eve...', 'a:4:{s:6:"_toke...', true)
#3 C:\wamp\www\Eventica5.0\vendor\laravel\framework\src\Illuminate\Session\Store.php(255): Illuminate\Session\FileSessionHandler->write('1f973af011e286c...', 'a:4:{s:6:"_toke...')
#4 C:\wamp\www\Eventica5.0\vendor\laravel\framework\src\Illuminate\Session\Middleware\StartSession.php(89): Illuminate\Session\Store->save()
#5 C:\wamp\www\Eventica5.0\vendor\laravel\framework\src\Illuminate\Foundation\Http\Kernel.php(135): Illuminate\Session\Middleware\StartSession->terminate(Object(Illuminate\Http\Request), Object(Illuminate\Http\Response))
#6 C:\wamp\www\Eventica5.0\public\index.php(57): Illuminate\Foundation\Http\Kernel->terminate(Object(Illuminate\Http\Request), Object(Illuminate\Http\Response))
#7 {main}  
[2015-07-23 15:35:20] local.ERROR: exception 'ErrorException' with message 'touch(): Unable to create file C:\wamp\www\Eventica5.0\storage/framework/down because No such file or directory' in C:\wamp\www\Eventica5.0\vendor\laravel\framework\src\Illuminate\Foundation\Console\DownCommand.php:28
Stack trace:
#0 [internal function]: Illuminate\Foundation\Bootstrap\HandleExceptions->handleError(2, 'touch(): Unable...', 'C:\\wamp\\www\\Eve...', 28, Array)
#1 C:\wamp\www\Eventica5.0\vendor\laravel\framework\src\Illuminate\Foundation\Console\DownCommand.php(28): touch('C:\\wamp\\www\\Eve...')
#2 [internal function]: Illuminate\Foundation\Console\DownCommand->fire()
#3 C:\wamp\www\Eventica5.0\vendor\laravel\framework\src\Illuminate\Container\Container.php(526): call_user_func_array(Array, Array)
#4 C:\wamp\www\Eventica5.0\vendor\laravel\framework\src\Illuminate\Console\Command.php(115): Illuminate\Container\Container->call(Array)
#5 C:\wamp\www\Eventica5.0\vendor\symfony\console\Symfony\Component\Console\Command\Command.php(257): Illuminate\Console\Command->execute(Object(Symfony\Component\Console\Input\ArgvInput), Object(Symfony\Component\Console\Output\ConsoleOutput))
#6 C:\wamp\www\Eventica5.0\vendor\laravel\framework\src\Illuminate\Console\Command.php(101): Symfony\Component\Console\Command\Command->run(Object(Symfony\Component\Console\Input\ArgvInput), Object(Symfony\Component\Console\Output\ConsoleOutput))
#7 C:\wamp\www\Eventica5.0\vendor\symfony\console\Symfony\Component\Console\Application.php(874): Illuminate\Console\Command->run(Object(Symfony\Component\Console\Input\ArgvInput), Object(Symfony\Component\Console\Output\ConsoleOutput))
#8 C:\wamp\www\Eventica5.0\vendor\symfony\console\Symfony\Component\Console\Application.php(195): Symfony\Component\Console\Application->doRunCommand(Object(Illuminate\Foundation\Console\DownCommand), Object(Symfony\Component\Console\Input\ArgvInput), Object(Symfony\Component\Console\Output\ConsoleOutput))
#9 C:\wamp\www\Eventica5.0\vendor\symfony\console\Symfony\Component\Console\Application.php(126): Symfony\Component\Console\Application->doRun(Object(Symfony\Component\Console\Input\ArgvInput), Object(Symfony\Component\Console\Output\ConsoleOutput))
#10 C:\wamp\www\Eventica5.0\vendor\laravel\framework\src\Illuminate\Foundation\Console\Kernel.php(94): Symfony\Component\Console\Application->run(Object(Symfony\Component\Console\Input\ArgvInput), Object(Symfony\Component\Console\Output\ConsoleOutput))
#11 C:\wamp\www\Eventica5.0\artisan(36): Illuminate\Foundation\Console\Kernel->handle(Object(Symfony\Component\Console\Input\ArgvInput), Object(Symfony\Component\Console\Output\ConsoleOutput))
#12 {main}  
[2015-07-23 15:35:47] local.ERROR: exception 'ErrorException' with message 'file_put_contents(C:\wamp\www\Eventica5.0\storage/framework/sessions/1f973af011e286c8503647e1dbb7e2ace0df18aa): failed to open stream: No such file or directory' in C:\wamp\www\Eventica5.0\vendor\laravel\framework\src\Illuminate\Filesystem\Filesystem.php:75
Stack trace:
#0 [internal function]: Illuminate\Foundation\Bootstrap\HandleExceptions->handleError(2, 'file_put_conten...', 'C:\\wamp\\www\\Eve...', 75, Array)
#1 C:\wamp\www\Eventica5.0\vendor\laravel\framework\src\Illuminate\Filesystem\Filesystem.php(75): file_put_contents('C:\\wamp\\www\\Eve...', 'a:4:{s:6:"_toke...', 2)
#2 C:\wamp\www\Eventica5.0\vendor\laravel\framework\src\Illuminate\Session\FileSessionHandler.php(70): Illuminate\Filesystem\Filesystem->put('C:\\wamp\\www\\Eve...', 'a:4:{s:6:"_toke...', true)
#3 C:\wamp\www\Eventica5.0\vendor\laravel\framework\src\Illuminate\Session\Store.php(255): Illuminate\Session\FileSessionHandler->write('1f973af011e286c...', 'a:4:{s:6:"_toke...')
#4 C:\wamp\www\Eventica5.0\vendor\laravel\framework\src\Illuminate\Session\Middleware\StartSession.php(89): Illuminate\Session\Store->save()
#5 C:\wamp\www\Eventica5.0\vendor\laravel\framework\src\Illuminate\Foundation\Http\Kernel.php(135): Illuminate\Session\Middleware\StartSession->terminate(Object(Illuminate\Http\Request), Object(Illuminate\Http\Response))
#6 C:\wamp\www\Eventica5.0\public\index.php(57): Illuminate\Foundation\Http\Kernel->terminate(Object(Illuminate\Http\Request), Object(Illuminate\Http\Response))
#7 {main}  
[2015-07-23 15:35:47] local.ERROR: exception 'ErrorException' with message 'file_put_contents(C:\wamp\www\Eventica5.0\storage/framework/sessions/1f973af011e286c8503647e1dbb7e2ace0df18aa): failed to open stream: No such file or directory' in C:\wamp\www\Eventica5.0\vendor\laravel\framework\src\Illuminate\Filesystem\Filesystem.php:75
Stack trace:
#0 [internal function]: Illuminate\Foundation\Bootstrap\HandleExceptions->handleError(2, 'file_put_conten...', 'C:\\wamp\\www\\Eve...', 75, Array)
#1 C:\wamp\www\Eventica5.0\vendor\laravel\framework\src\Illuminate\Filesystem\Filesystem.php(75): file_put_contents('C:\\wamp\\www\\Eve...', 'a:4:{s:6:"_toke...', 2)
#2 C:\wamp\www\Eventica5.0\vendor\laravel\framework\src\Illuminate\Session\FileSessionHandler.php(70): Illuminate\Filesystem\Filesystem->put('C:\\wamp\\www\\Eve...', 'a:4:{s:6:"_toke...', true)
#3 C:\wamp\www\Eventica5.0\vendor\laravel\framework\src\Illuminate\Session\Store.php(255): Illuminate\Session\FileSessionHandler->write('1f973af011e286c...', 'a:4:{s:6:"_toke...')
#4 C:\wamp\www\Eventica5.0\vendor\laravel\framework\src\Illuminate\Session\Middleware\StartSession.php(89): Illuminate\Session\Store->save()
#5 C:\wamp\www\Eventica5.0\vendor\laravel\framework\src\Illuminate\Foundation\Http\Kernel.php(135): Illuminate\Session\Middleware\StartSession->terminate(Object(Illuminate\Http\Request), Object(Illuminate\Http\Response))
#6 C:\wamp\www\Eventica5.0\public\index.php(57): Illuminate\Foundation\Http\Kernel->terminate(Object(Illuminate\Http\Request), Object(Illuminate\Http\Response))
#7 {main}  
[2015-07-23 15:35:48] local.ERROR: exception 'ErrorException' with message 'file_put_contents(C:\wamp\www\Eventica5.0\storage/framework/sessions/1f973af011e286c8503647e1dbb7e2ace0df18aa): failed to open stream: No such file or directory' in C:\wamp\www\Eventica5.0\vendor\laravel\framework\src\Illuminate\Filesystem\Filesystem.php:75
Stack trace:
#0 [internal function]: Illuminate\Foundation\Bootstrap\HandleExceptions->handleError(2, 'file_put_conten...', 'C:\\wamp\\www\\Eve...', 75, Array)
#1 C:\wamp\www\Eventica5.0\vendor\laravel\framework\src\Illuminate\Filesystem\Filesystem.php(75): file_put_contents('C:\\wamp\\www\\Eve...', 'a:4:{s:6:"_toke...', 2)
#2 C:\wamp\www\Eventica5.0\vendor\laravel\framework\src\Illuminate\Session\FileSessionHandler.php(70): Illuminate\Filesystem\Filesystem->put('C:\\wamp\\www\\Eve...', 'a:4:{s:6:"_toke...', true)
#3 C:\wamp\www\Eventica5.0\vendor\laravel\framework\src\Illuminate\Session\Store.php(255): Illuminate\Session\FileSessionHandler->write('1f973af011e286c...', 'a:4:{s:6:"_toke...')
#4 C:\wamp\www\Eventica5.0\vendor\laravel\framework\src\Illuminate\Session\Middleware\StartSession.php(89): Illuminate\Session\Store->save()
#5 C:\wamp\www\Eventica5.0\vendor\laravel\framework\src\Illuminate\Foundation\Http\Kernel.php(135): Illuminate\Session\Middleware\StartSession->terminate(Object(Illuminate\Http\Request), Object(Illuminate\Http\Response))
#6 C:\wamp\www\Eventica5.0\public\index.php(57): Illuminate\Foundation\Http\Kernel->terminate(Object(Illuminate\Http\Request), Object(Illuminate\Http\Response))
#7 {main}  
[2015-07-23 15:35:48] local.ERROR: exception 'ErrorException' with message 'file_put_contents(C:\wamp\www\Eventica5.0\storage/framework/sessions/1f973af011e286c8503647e1dbb7e2ace0df18aa): failed to open stream: No such file or directory' in C:\wamp\www\Eventica5.0\vendor\laravel\framework\src\Illuminate\Filesystem\Filesystem.php:75
Stack trace:
#0 [internal function]: Illuminate\Foundation\Bootstrap\HandleExceptions->handleError(2, 'file_put_conten...', 'C:\\wamp\\www\\Eve...', 75, Array)
#1 C:\wamp\www\Eventica5.0\vendor\laravel\framework\src\Illuminate\Filesystem\Filesystem.php(75): file_put_contents('C:\\wamp\\www\\Eve...', 'a:4:{s:6:"_toke...', 2)
#2 C:\wamp\www\Eventica5.0\vendor\laravel\framework\src\Illuminate\Session\FileSessionHandler.php(70): Illuminate\Filesystem\Filesystem->put('C:\\wamp\\www\\Eve...', 'a:4:{s:6:"_toke...', true)
#3 C:\wamp\www\Eventica5.0\vendor\laravel\framework\src\Illuminate\Session\Store.php(255): Illuminate\Session\FileSessionHandler->write('1f973af011e286c...', 'a:4:{s:6:"_toke...')
#4 C:\wamp\www\Eventica5.0\vendor\laravel\framework\src\Illuminate\Session\Middleware\StartSession.php(89): Illuminate\Session\Store->save()
#5 C:\wamp\www\Eventica5.0\vendor\laravel\framework\src\Illuminate\Foundation\Http\Kernel.php(135): Illuminate\Session\Middleware\StartSession->terminate(Object(Illuminate\Http\Request), Object(Illuminate\Http\Response))
#6 C:\wamp\www\Eventica5.0\public\index.php(57): Illuminate\Foundation\Http\Kernel->terminate(Object(Illuminate\Http\Request), Object(Illuminate\Http\Response))
#7 {main}  
[2015-07-23 15:35:49] local.ERROR: exception 'ErrorException' with message 'file_put_contents(C:\wamp\www\Eventica5.0\storage/framework/sessions/1f973af011e286c8503647e1dbb7e2ace0df18aa): failed to open stream: No such file or directory' in C:\wamp\www\Eventica5.0\vendor\laravel\framework\src\Illuminate\Filesystem\Filesystem.php:75
Stack trace:
#0 [internal function]: Illuminate\Foundation\Bootstrap\HandleExceptions->handleError(2, 'file_put_conten...', 'C:\\wamp\\www\\Eve...', 75, Array)
#1 C:\wamp\www\Eventica5.0\vendor\laravel\framework\src\Illuminate\Filesystem\Filesystem.php(75): file_put_contents('C:\\wamp\\www\\Eve...', 'a:4:{s:6:"_toke...', 2)
#2 C:\wamp\www\Eventica5.0\vendor\laravel\framework\src\Illuminate\Session\FileSessionHandler.php(70): Illuminate\Filesystem\Filesystem->put('C:\\wamp\\www\\Eve...', 'a:4:{s:6:"_toke...', true)
#3 C:\wamp\www\Eventica5.0\vendor\laravel\framework\src\Illuminate\Session\Store.php(255): Illuminate\Session\FileSessionHandler->write('1f973af011e286c...', 'a:4:{s:6:"_toke...')
#4 C:\wamp\www\Eventica5.0\vendor\laravel\framework\src\Illuminate\Session\Middleware\StartSession.php(89): Illuminate\Session\Store->save()
#5 C:\wamp\www\Eventica5.0\vendor\laravel\framework\src\Illuminate\Foundation\Http\Kernel.php(135): Illuminate\Session\Middleware\StartSession->terminate(Object(Illuminate\Http\Request), Object(Illuminate\Http\Response))
#6 C:\wamp\www\Eventica5.0\public\index.php(57): Illuminate\Foundation\Http\Kernel->terminate(Object(Illuminate\Http\Request), Object(Illuminate\Http\Response))
#7 {main}  
[2015-07-23 15:35:50] local.ERROR: exception 'ErrorException' with message 'file_put_contents(C:\wamp\www\Eventica5.0\storage/framework/sessions/1f973af011e286c8503647e1dbb7e2ace0df18aa): failed to open stream: No such file or directory' in C:\wamp\www\Eventica5.0\vendor\laravel\framework\src\Illuminate\Filesystem\Filesystem.php:75
Stack trace:
#0 [internal function]: Illuminate\Foundation\Bootstrap\HandleExceptions->handleError(2, 'file_put_conten...', 'C:\\wamp\\www\\Eve...', 75, Array)
#1 C:\wamp\www\Eventica5.0\vendor\laravel\framework\src\Illuminate\Filesystem\Filesystem.php(75): file_put_contents('C:\\wamp\\www\\Eve...', 'a:4:{s:6:"_toke...', 2)
#2 C:\wamp\www\Eventica5.0\vendor\laravel\framework\src\Illuminate\Session\FileSessionHandler.php(70): Illuminate\Filesystem\Filesystem->put('C:\\wamp\\www\\Eve...', 'a:4:{s:6:"_toke...', true)
#3 C:\wamp\www\Eventica5.0\vendor\laravel\framework\src\Illuminate\Session\Store.php(255): Illuminate\Session\FileSessionHandler->write('1f973af011e286c...', 'a:4:{s:6:"_toke...')
#4 C:\wamp\www\Eventica5.0\vendor\laravel\framework\src\Illuminate\Session\Middleware\StartSession.php(89): Illuminate\Session\Store->save()
#5 C:\wamp\www\Eventica5.0\vendor\laravel\framework\src\Illuminate\Foundation\Http\Kernel.php(135): Illuminate\Session\Middleware\StartSession->terminate(Object(Illuminate\Http\Request), Object(Illuminate\Http\Response))
#6 C:\wamp\www\Eventica5.0\public\index.php(57): Illuminate\Foundation\Http\Kernel->terminate(Object(Illuminate\Http\Request), Object(Illuminate\Http\Response))
#7 {main}  
[2015-07-23 15:35:50] local.ERROR: exception 'ErrorException' with message 'file_put_contents(C:\wamp\www\Eventica5.0\storage/framework/sessions/1f973af011e286c8503647e1dbb7e2ace0df18aa): failed to open stream: No such file or directory' in C:\wamp\www\Eventica5.0\vendor\laravel\framework\src\Illuminate\Filesystem\Filesystem.php:75
Stack trace:
#0 [internal function]: Illuminate\Foundation\Bootstrap\HandleExceptions->handleError(2, 'file_put_conten...', 'C:\\wamp\\www\\Eve...', 75, Array)
#1 C:\wamp\www\Eventica5.0\vendor\laravel\framework\src\Illuminate\Filesystem\Filesystem.php(75): file_put_contents('C:\\wamp\\www\\Eve...', 'a:4:{s:6:"_toke...', 2)
#2 C:\wamp\www\Eventica5.0\vendor\laravel\framework\src\Illuminate\Session\FileSessionHandler.php(70): Illuminate\Filesystem\Filesystem->put('C:\\wamp\\www\\Eve...', 'a:4:{s:6:"_toke...', true)
#3 C:\wamp\www\Eventica5.0\vendor\laravel\framework\src\Illuminate\Session\Store.php(255): Illuminate\Session\FileSessionHandler->write('1f973af011e286c...', 'a:4:{s:6:"_toke...')
#4 C:\wamp\www\Eventica5.0\vendor\laravel\framework\src\Illuminate\Session\Middleware\StartSession.php(89): Illuminate\Session\Store->save()
#5 C:\wamp\www\Eventica5.0\vendor\laravel\framework\src\Illuminate\Foundation\Http\Kernel.php(135): Illuminate\Session\Middleware\StartSession->terminate(Object(Illuminate\Http\Request), Object(Illuminate\Http\Response))
#6 C:\wamp\www\Eventica5.0\public\index.php(57): Illuminate\Foundation\Http\Kernel->terminate(Object(Illuminate\Http\Request), Object(Illuminate\Http\Response))
#7 {main}  
[2015-07-23 15:35:50] local.ERROR: exception 'ErrorException' with message 'file_put_contents(C:\wamp\www\Eventica5.0\storage/framework/sessions/1f973af011e286c8503647e1dbb7e2ace0df18aa): failed to open stream: No such file or directory' in C:\wamp\www\Eventica5.0\vendor\laravel\framework\src\Illuminate\Filesystem\Filesystem.php:75
Stack trace:
#0 [internal function]: Illuminate\Foundation\Bootstrap\HandleExceptions->handleError(2, 'file_put_conten...', 'C:\\wamp\\www\\Eve...', 75, Array)
#1 C:\wamp\www\Eventica5.0\vendor\laravel\framework\src\Illuminate\Filesystem\Filesystem.php(75): file_put_contents('C:\\wamp\\www\\Eve...', 'a:4:{s:6:"_toke...', 2)
#2 C:\wamp\www\Eventica5.0\vendor\laravel\framework\src\Illuminate\Session\FileSessionHandler.php(70): Illuminate\Filesystem\Filesystem->put('C:\\wamp\\www\\Eve...', 'a:4:{s:6:"_toke...', true)
#3 C:\wamp\www\Eventica5.0\vendor\laravel\framework\src\Illuminate\Session\Store.php(255): Illuminate\Session\FileSessionHandler->write('1f973af011e286c...', 'a:4:{s:6:"_toke...')
#4 C:\wamp\www\Eventica5.0\vendor\laravel\framework\src\Illuminate\Session\Middleware\StartSession.php(89): Illuminate\Session\Store->save()
#5 C:\wamp\www\Eventica5.0\vendor\laravel\framework\src\Illuminate\Foundation\Http\Kernel.php(135): Illuminate\Session\Middleware\StartSession->terminate(Object(Illuminate\Http\Request), Object(Illuminate\Http\Response))
#6 C:\wamp\www\Eventica5.0\public\index.php(57): Illuminate\Foundation\Http\Kernel->terminate(Object(Illuminate\Http\Request), Object(Illuminate\Http\Response))
#7 {main}  
[2015-07-23 15:35:51] local.ERROR: exception 'ErrorException' with message 'file_put_contents(C:\wamp\www\Eventica5.0\storage/framework/sessions/1f973af011e286c8503647e1dbb7e2ace0df18aa): failed to open stream: No such file or directory' in C:\wamp\www\Eventica5.0\vendor\laravel\framework\src\Illuminate\Filesystem\Filesystem.php:75
Stack trace:
#0 [internal function]: Illuminate\Foundation\Bootstrap\HandleExceptions->handleError(2, 'file_put_conten...', 'C:\\wamp\\www\\Eve...', 75, Array)
#1 C:\wamp\www\Eventica5.0\vendor\laravel\framework\src\Illuminate\Filesystem\Filesystem.php(75): file_put_contents('C:\\wamp\\www\\Eve...', 'a:4:{s:6:"_toke...', 2)
#2 C:\wamp\www\Eventica5.0\vendor\laravel\framework\src\Illuminate\Session\FileSessionHandler.php(70): Illuminate\Filesystem\Filesystem->put('C:\\wamp\\www\\Eve...', 'a:4:{s:6:"_toke...', true)
#3 C:\wamp\www\Eventica5.0\vendor\laravel\framework\src\Illuminate\Session\Store.php(255): Illuminate\Session\FileSessionHandler->write('1f973af011e286c...', 'a:4:{s:6:"_toke...')
#4 C:\wamp\www\Eventica5.0\vendor\laravel\framework\src\Illuminate\Session\Middleware\StartSession.php(89): Illuminate\Session\Store->save()
#5 C:\wamp\www\Eventica5.0\vendor\laravel\framework\src\Illuminate\Foundation\Http\Kernel.php(135): Illuminate\Session\Middleware\StartSession->terminate(Object(Illuminate\Http\Request), Object(Illuminate\Http\Response))
#6 C:\wamp\www\Eventica5.0\public\index.php(57): Illuminate\Foundation\Http\Kernel->terminate(Object(Illuminate\Http\Request), Object(Illuminate\Http\Response))
#7 {main}  
[2015-07-23 15:35:51] local.ERROR: exception 'ErrorException' with message 'file_put_contents(C:\wamp\www\Eventica5.0\storage/framework/sessions/1f973af011e286c8503647e1dbb7e2ace0df18aa): failed to open stream: No such file or directory' in C:\wamp\www\Eventica5.0\vendor\laravel\framework\src\Illuminate\Filesystem\Filesystem.php:75
Stack trace:
#0 [internal function]: Illuminate\Foundation\Bootstrap\HandleExceptions->handleError(2, 'file_put_conten...', 'C:\\wamp\\www\\Eve...', 75, Array)
#1 C:\wamp\www\Eventica5.0\vendor\laravel\framework\src\Illuminate\Filesystem\Filesystem.php(75): file_put_contents('C:\\wamp\\www\\Eve...', 'a:4:{s:6:"_toke...', 2)
#2 C:\wamp\www\Eventica5.0\vendor\laravel\framework\src\Illuminate\Session\FileSessionHandler.php(70): Illuminate\Filesystem\Filesystem->put('C:\\wamp\\www\\Eve...', 'a:4:{s:6:"_toke...', true)
#3 C:\wamp\www\Eventica5.0\vendor\laravel\framework\src\Illuminate\Session\Store.php(255): Illuminate\Session\FileSessionHandler->write('1f973af011e286c...', 'a:4:{s:6:"_toke...')
#4 C:\wamp\www\Eventica5.0\vendor\laravel\framework\src\Illuminate\Session\Middleware\StartSession.php(89): Illuminate\Session\Store->save()
#5 C:\wamp\www\Eventica5.0\vendor\laravel\framework\src\Illuminate\Foundation\Http\Kernel.php(135): Illuminate\Session\Middleware\StartSession->terminate(Object(Illuminate\Http\Request), Object(Illuminate\Http\Response))
#6 C:\wamp\www\Eventica5.0\public\index.php(57): Illuminate\Foundation\Http\Kernel->terminate(Object(Illuminate\Http\Request), Object(Illuminate\Http\Response))
#7 {main}  
[2015-07-23 15:35:52] local.ERROR: exception 'ErrorException' with message 'file_put_contents(C:\wamp\www\Eventica5.0\storage/framework/sessions/1f973af011e286c8503647e1dbb7e2ace0df18aa): failed to open stream: No such file or directory' in C:\wamp\www\Eventica5.0\vendor\laravel\framework\src\Illuminate\Filesystem\Filesystem.php:75
Stack trace:
#0 [internal function]: Illuminate\Foundation\Bootstrap\HandleExceptions->handleError(2, 'file_put_conten...', 'C:\\wamp\\www\\Eve...', 75, Array)
#1 C:\wamp\www\Eventica5.0\vendor\laravel\framework\src\Illuminate\Filesystem\Filesystem.php(75): file_put_contents('C:\\wamp\\www\\Eve...', 'a:4:{s:6:"_toke...', 2)
#2 C:\wamp\www\Eventica5.0\vendor\laravel\framework\src\Illuminate\Session\FileSessionHandler.php(70): Illuminate\Filesystem\Filesystem->put('C:\\wamp\\www\\Eve...', 'a:4:{s:6:"_toke...', true)
#3 C:\wamp\www\Eventica5.0\vendor\laravel\framework\src\Illuminate\Session\Store.php(255): Illuminate\Session\FileSessionHandler->write('1f973af011e286c...', 'a:4:{s:6:"_toke...')
#4 C:\wamp\www\Eventica5.0\vendor\laravel\framework\src\Illuminate\Session\Middleware\StartSession.php(89): Illuminate\Session\Store->save()
#5 C:\wamp\www\Eventica5.0\vendor\laravel\framework\src\Illuminate\Foundation\Http\Kernel.php(135): Illuminate\Session\Middleware\StartSession->terminate(Object(Illuminate\Http\Request), Object(Illuminate\Http\Response))
#6 C:\wamp\www\Eventica5.0\public\index.php(57): Illuminate\Foundation\Http\Kernel->terminate(Object(Illuminate\Http\Request), Object(Illuminate\Http\Response))
#7 {main}  
[2015-07-23 15:35:52] local.ERROR: exception 'ErrorException' with message 'file_put_contents(C:\wamp\www\Eventica5.0\storage/framework/sessions/1f973af011e286c8503647e1dbb7e2ace0df18aa): failed to open stream: No such file or directory' in C:\wamp\www\Eventica5.0\vendor\laravel\framework\src\Illuminate\Filesystem\Filesystem.php:75
Stack trace:
#0 [internal function]: Illuminate\Foundation\Bootstrap\HandleExceptions->handleError(2, 'file_put_conten...', 'C:\\wamp\\www\\Eve...', 75, Array)
#1 C:\wamp\www\Eventica5.0\vendor\laravel\framework\src\Illuminate\Filesystem\Filesystem.php(75): file_put_contents('C:\\wamp\\www\\Eve...', 'a:4:{s:6:"_toke...', 2)
#2 C:\wamp\www\Eventica5.0\vendor\laravel\framework\src\Illuminate\Session\FileSessionHandler.php(70): Illuminate\Filesystem\Filesystem->put('C:\\wamp\\www\\Eve...', 'a:4:{s:6:"_toke...', true)
#3 C:\wamp\www\Eventica5.0\vendor\laravel\framework\src\Illuminate\Session\Store.php(255): Illuminate\Session\FileSessionHandler->write('1f973af011e286c...', 'a:4:{s:6:"_toke...')
#4 C:\wamp\www\Eventica5.0\vendor\laravel\framework\src\Illuminate\Session\Middleware\StartSession.php(89): Illuminate\Session\Store->save()
#5 C:\wamp\www\Eventica5.0\vendor\laravel\framework\src\Illuminate\Foundation\Http\Kernel.php(135): Illuminate\Session\Middleware\StartSession->terminate(Object(Illuminate\Http\Request), Object(Illuminate\Http\Response))
#6 C:\wamp\www\Eventica5.0\public\index.php(57): Illuminate\Foundation\Http\Kernel->terminate(Object(Illuminate\Http\Request), Object(Illuminate\Http\Response))
#7 {main}  
[2015-07-23 15:35:52] local.ERROR: exception 'ErrorException' with message 'file_put_contents(C:\wamp\www\Eventica5.0\storage/framework/sessions/1f973af011e286c8503647e1dbb7e2ace0df18aa): failed to open stream: No such file or directory' in C:\wamp\www\Eventica5.0\vendor\laravel\framework\src\Illuminate\Filesystem\Filesystem.php:75
Stack trace:
#0 [internal function]: Illuminate\Foundation\Bootstrap\HandleExceptions->handleError(2, 'file_put_conten...', 'C:\\wamp\\www\\Eve...', 75, Array)
#1 C:\wamp\www\Eventica5.0\vendor\laravel\framework\src\Illuminate\Filesystem\Filesystem.php(75): file_put_contents('C:\\wamp\\www\\Eve...', 'a:4:{s:6:"_toke...', 2)
#2 C:\wamp\www\Eventica5.0\vendor\laravel\framework\src\Illuminate\Session\FileSessionHandler.php(70): Illuminate\Filesystem\Filesystem->put('C:\\wamp\\www\\Eve...', 'a:4:{s:6:"_toke...', true)
#3 C:\wamp\www\Eventica5.0\vendor\laravel\framework\src\Illuminate\Session\Store.php(255): Illuminate\Session\FileSessionHandler->write('1f973af011e286c...', 'a:4:{s:6:"_toke...')
#4 C:\wamp\www\Eventica5.0\vendor\laravel\framework\src\Illuminate\Session\Middleware\StartSession.php(89): Illuminate\Session\Store->save()
#5 C:\wamp\www\Eventica5.0\vendor\laravel\framework\src\Illuminate\Foundation\Http\Kernel.php(135): Illuminate\Session\Middleware\StartSession->terminate(Object(Illuminate\Http\Request), Object(Illuminate\Http\Response))
#6 C:\wamp\www\Eventica5.0\public\index.php(57): Illuminate\Foundation\Http\Kernel->terminate(Object(Illuminate\Http\Request), Object(Illuminate\Http\Response))
#7 {main}  
[2015-07-23 15:35:52] local.ERROR: exception 'ErrorException' with message 'file_put_contents(C:\wamp\www\Eventica5.0\storage/framework/sessions/1f973af011e286c8503647e1dbb7e2ace0df18aa): failed to open stream: No such file or directory' in C:\wamp\www\Eventica5.0\vendor\laravel\framework\src\Illuminate\Filesystem\Filesystem.php:75
Stack trace:
#0 [internal function]: Illuminate\Foundation\Bootstrap\HandleExceptions->handleError(2, 'file_put_conten...', 'C:\\wamp\\www\\Eve...', 75, Array)
#1 C:\wamp\www\Eventica5.0\vendor\laravel\framework\src\Illuminate\Filesystem\Filesystem.php(75): file_put_contents('C:\\wamp\\www\\Eve...', 'a:4:{s:6:"_toke...', 2)
#2 C:\wamp\www\Eventica5.0\vendor\laravel\framework\src\Illuminate\Session\FileSessionHandler.php(70): Illuminate\Filesystem\Filesystem->put('C:\\wamp\\www\\Eve...', 'a:4:{s:6:"_toke...', true)
#3 C:\wamp\www\Eventica5.0\vendor\laravel\framework\src\Illuminate\Session\Store.php(255): Illuminate\Session\FileSessionHandler->write('1f973af011e286c...', 'a:4:{s:6:"_toke...')
#4 C:\wamp\www\Eventica5.0\vendor\laravel\framework\src\Illuminate\Session\Middleware\StartSession.php(89): Illuminate\Session\Store->save()
#5 C:\wamp\www\Eventica5.0\vendor\laravel\framework\src\Illuminate\Foundation\Http\Kernel.php(135): Illuminate\Session\Middleware\StartSession->terminate(Object(Illuminate\Http\Request), Object(Illuminate\Http\Response))
#6 C:\wamp\www\Eventica5.0\public\index.php(57): Illuminate\Foundation\Http\Kernel->terminate(Object(Illuminate\Http\Request), Object(Illuminate\Http\Response))
#7 {main}  
[2015-07-23 15:35:53] local.ERROR: exception 'ErrorException' with message 'file_put_contents(C:\wamp\www\Eventica5.0\storage/framework/sessions/1f973af011e286c8503647e1dbb7e2ace0df18aa): failed to open stream: No such file or directory' in C:\wamp\www\Eventica5.0\vendor\laravel\framework\src\Illuminate\Filesystem\Filesystem.php:75
Stack trace:
#0 [internal function]: Illuminate\Foundation\Bootstrap\HandleExceptions->handleError(2, 'file_put_conten...', 'C:\\wamp\\www\\Eve...', 75, Array)
#1 C:\wamp\www\Eventica5.0\vendor\laravel\framework\src\Illuminate\Filesystem\Filesystem.php(75): file_put_contents('C:\\wamp\\www\\Eve...', 'a:4:{s:6:"_toke...', 2)
#2 C:\wamp\www\Eventica5.0\vendor\laravel\framework\src\Illuminate\Session\FileSessionHandler.php(70): Illuminate\Filesystem\Filesystem->put('C:\\wamp\\www\\Eve...', 'a:4:{s:6:"_toke...', true)
#3 C:\wamp\www\Eventica5.0\vendor\laravel\framework\src\Illuminate\Session\Store.php(255): Illuminate\Session\FileSessionHandler->write('1f973af011e286c...', 'a:4:{s:6:"_toke...')
#4 C:\wamp\www\Eventica5.0\vendor\laravel\framework\src\Illuminate\Session\Middleware\StartSession.php(89): Illuminate\Session\Store->save()
#5 C:\wamp\www\Eventica5.0\vendor\laravel\framework\src\Illuminate\Foundation\Http\Kernel.php(135): Illuminate\Session\Middleware\StartSession->terminate(Object(Illuminate\Http\Request), Object(Illuminate\Http\Response))
#6 C:\wamp\www\Eventica5.0\public\index.php(57): Illuminate\Foundation\Http\Kernel->terminate(Object(Illuminate\Http\Request), Object(Illuminate\Http\Response))
#7 {main}  
[2015-07-23 15:35:53] local.ERROR: exception 'ErrorException' with message 'file_put_contents(C:\wamp\www\Eventica5.0\storage/framework/sessions/1f973af011e286c8503647e1dbb7e2ace0df18aa): failed to open stream: No such file or directory' in C:\wamp\www\Eventica5.0\vendor\laravel\framework\src\Illuminate\Filesystem\Filesystem.php:75
Stack trace:
#0 [internal function]: Illuminate\Foundation\Bootstrap\HandleExceptions->handleError(2, 'file_put_conten...', 'C:\\wamp\\www\\Eve...', 75, Array)
#1 C:\wamp\www\Eventica5.0\vendor\laravel\framework\src\Illuminate\Filesystem\Filesystem.php(75): file_put_contents('C:\\wamp\\www\\Eve...', 'a:4:{s:6:"_toke...', 2)
#2 C:\wamp\www\Eventica5.0\vendor\laravel\framework\src\Illuminate\Session\FileSessionHandler.php(70): Illuminate\Filesystem\Filesystem->put('C:\\wamp\\www\\Eve...', 'a:4:{s:6:"_toke...', true)
#3 C:\wamp\www\Eventica5.0\vendor\laravel\framework\src\Illuminate\Session\Store.php(255): Illuminate\Session\FileSessionHandler->write('1f973af011e286c...', 'a:4:{s:6:"_toke...')
#4 C:\wamp\www\Eventica5.0\vendor\laravel\framework\src\Illuminate\Session\Middleware\StartSession.php(89): Illuminate\Session\Store->save()
#5 C:\wamp\www\Eventica5.0\vendor\laravel\framework\src\Illuminate\Foundation\Http\Kernel.php(135): Illuminate\Session\Middleware\StartSession->terminate(Object(Illuminate\Http\Request), Object(Illuminate\Http\Response))
#6 C:\wamp\www\Eventica5.0\public\index.php(57): Illuminate\Foundation\Http\Kernel->terminate(Object(Illuminate\Http\Request), Object(Illuminate\Http\Response))
#7 {main}  
